<?xml version="1.0" encoding="UTF-8"?>
<testng-results ignored="0" total="7" passed="7" failed="0" skipped="0">
  <reporter-output>
  </reporter-output>
  <suite started-at="2022-10-11T15:07:10 IST" name="Default suite" finished-at="2022-10-11T15:08:25 IST" duration-ms="74746">
    <groups>
    </groups>
    <test started-at="2022-10-11T15:07:10 IST" name="Default test" finished-at="2022-10-11T15:08:25 IST" duration-ms="74746">
      <class name="AutomateFlipcart.NewTest">
        <test-method is-config="true" signature="beforeClass()[pri:0, instance:AutomateFlipcart.NewTest@5b239d7d]" started-at="2022-10-11T15:07:10 IST" name="beforeClass" finished-at="2022-10-11T15:07:49 IST" duration-ms="39129" status="PASS">
          <reporter-output>
          </reporter-output>
        </test-method> <!-- beforeClass -->
        <test-method signature="closeLogin()[pri:1, instance:AutomateFlipcart.NewTest@5b239d7d]" started-at="2022-10-11T15:07:49 IST" name="closeLogin" finished-at="2022-10-11T15:07:50 IST" duration-ms="1327" status="PASS">
          <reporter-output>
          </reporter-output>
        </test-method> <!-- closeLogin -->
        <test-method signature="scroll()[pri:2, instance:AutomateFlipcart.NewTest@5b239d7d]" started-at="2022-10-11T15:07:50 IST" name="scroll" finished-at="2022-10-11T15:07:57 IST" duration-ms="6717" status="PASS">
          <reporter-output>
          </reporter-output>
        </test-method> <!-- scroll -->
        <test-method signature="searchProduct()[pri:3, instance:AutomateFlipcart.NewTest@5b239d7d]" started-at="2022-10-11T15:07:57 IST" name="searchProduct" finished-at="2022-10-11T15:08:03 IST" duration-ms="6291" status="PASS">
          <reporter-output>
          </reporter-output>
        </test-method> <!-- searchProduct -->
        <test-method signature="loadImage()[pri:4, instance:AutomateFlipcart.NewTest@5b239d7d]" started-at="2022-10-11T15:08:03 IST" name="loadImage" finished-at="2022-10-11T15:08:13 IST" duration-ms="9638" status="PASS">
          <reporter-output>
          </reporter-output>
        </test-method> <!-- loadImage -->
        <test-method signature="scrollFrequency()[pri:5, instance:AutomateFlipcart.NewTest@5b239d7d]" started-at="2022-10-11T15:08:13 IST" name="scrollFrequency" finished-at="2022-10-11T15:08:16 IST" duration-ms="2841" status="PASS">
          <reporter-output>
          </reporter-output>
        </test-method> <!-- scrollFrequency -->
        <test-method signature="downloadImages()[pri:6, instance:AutomateFlipcart.NewTest@5b239d7d]" started-at="2022-10-11T15:08:16 IST" name="downloadImages" finished-at="2022-10-11T15:08:16 IST" duration-ms="391" status="PASS">
          <reporter-output>
          </reporter-output>
        </test-method> <!-- downloadImages -->
        <test-method signature="screenResolution()[pri:7, instance:AutomateFlipcart.NewTest@5b239d7d]" started-at="2022-10-11T15:08:16 IST" name="screenResolution" finished-at="2022-10-11T15:08:25 IST" duration-ms="8293" status="PASS">
          <reporter-output>
          </reporter-output>
        </test-method> <!-- screenResolution -->
        <test-method is-config="true" signature="afterClass()[pri:0, instance:AutomateFlipcart.NewTest@5b239d7d]" started-at="2022-10-11T15:08:25 IST" name="afterClass" finished-at="2022-10-11T15:08:25 IST" duration-ms="0" status="PASS">
          <reporter-output>
          </reporter-output>
        </test-method> <!-- afterClass -->
      </class> <!-- AutomateFlipcart.NewTest -->
    </test> <!-- Default test -->
  </suite> <!-- Default suite -->
</testng-results>
