<?xml version="1.0" encoding="UTF-8"?>
<!-- Generated by org.testng.reporters.JUnitXMLReporter -->
<testsuite ignored="0" hostname="DESKTOP-U0N3L5E" failures="0" tests="7" name="Default test" time="74.746" errors="0" timestamp="2022-10-11T15:08:25 IST">
  <testcase classname="AutomateFlipcart.NewTest" name="closeLogin" time="1.327"/>
  <testcase classname="AutomateFlipcart.NewTest" name="scroll" time="6.717"/>
  <testcase classname="AutomateFlipcart.NewTest" name="searchProduct" time="6.291"/>
  <testcase classname="AutomateFlipcart.NewTest" name="loadImage" time="9.638"/>
  <testcase classname="AutomateFlipcart.NewTest" name="scrollFrequency" time="2.841"/>
  <testcase classname="AutomateFlipcart.NewTest" name="downloadImages" time="0.391"/>
  <testcase classname="AutomateFlipcart.NewTest" name="screenResolution" time="8.293"/>
</testsuite> <!-- Default test -->
