<?xml version="1.0" encoding="UTF-8"?>
<testng-results ignored="0" total="1" passed="1" failed="0" skipped="0">
  <reporter-output>
  </reporter-output>
  <suite started-at="2022-09-30T13:40:40 IST" name="Default suite" finished-at="2022-09-30T13:41:51 IST" duration-ms="71111">
    <groups>
    </groups>
    <test started-at="2022-09-30T13:40:40 IST" name="Default test" finished-at="2022-09-30T13:41:51 IST" duration-ms="71111">
      <class name="com.AutomateWebApp2.demo.NavbarTest">
        <test-method is-config="true" signature="beforeMethod()[pri:0, instance:com.AutomateWebApp2.demo.NavbarTest@7334aada]" started-at="2022-09-30T13:40:40 IST" name="beforeMethod" finished-at="2022-09-30T13:40:47 IST" duration-ms="6983" status="PASS">
          <reporter-output>
          </reporter-output>
        </test-method> <!-- beforeMethod -->
        <test-method signature="FlipcartNavbarTest()[pri:0, instance:com.AutomateWebApp2.demo.NavbarTest@7334aada]" started-at="2022-09-30T13:40:47 IST" name="FlipcartNavbarTest" finished-at="2022-09-30T13:41:51 IST" duration-ms="64006" status="PASS">
          <reporter-output>
          </reporter-output>
        </test-method> <!-- FlipcartNavbarTest -->
        <test-method is-config="true" signature="afterMethod()[pri:0, instance:com.AutomateWebApp2.demo.NavbarTest@7334aada]" started-at="2022-09-30T13:41:51 IST" name="afterMethod" finished-at="2022-09-30T13:41:51 IST" duration-ms="2" status="PASS">
          <reporter-output>
          </reporter-output>
        </test-method> <!-- afterMethod -->
      </class> <!-- com.AutomateWebApp2.demo.NavbarTest -->
    </test> <!-- Default test -->
  </suite> <!-- Default suite -->
</testng-results>
